<?xml version="1.0" encoding="UTF-8"?>
<testng-results ignored="0" total="2" passed="2" failed="0" skipped="0">
  <reporter-output>
  </reporter-output>
  <suite started-at="2025-04-25T19:39:12 BST" name="Test Suite" finished-at="2025-04-25T19:39:45 BST" duration-ms="32835">
    <groups>
    </groups>
    <test started-at="2025-04-25T19:39:12 BST" name="Test" finished-at="2025-04-25T19:39:45 BST" duration-ms="32835">
      <class name="tests.VerifyMainScreenButtonsTest">
        <test-method is-config="true" signature="setup()[pri:0, instance:tests.VerifyMainScreenButtonsTest@53976f5c]" started-at="2025-04-25T19:39:38 BST" name="setup" finished-at="2025-04-25T19:39:43 BST" duration-ms="4979" status="PASS">
          <reporter-output>
          </reporter-output>
        </test-method> <!-- setup -->
        <test-method signature="verifyMainScreenButtons()[pri:0, instance:tests.VerifyMainScreenButtonsTest@53976f5c]" started-at="2025-04-25T19:39:43 BST" name="verifyMainScreenButtons" finished-at="2025-04-25T19:39:44 BST" duration-ms="1091" status="PASS">
          <reporter-output>
          </reporter-output>
        </test-method> <!-- verifyMainScreenButtons -->
        <test-method is-config="true" signature="tearDown()[pri:0, instance:tests.VerifyMainScreenButtonsTest@53976f5c]" started-at="2025-04-25T19:39:44 BST" name="tearDown" finished-at="2025-04-25T19:39:45 BST" duration-ms="466" status="PASS">
          <reporter-output>
          </reporter-output>
        </test-method> <!-- tearDown -->
      </class> <!-- tests.VerifyMainScreenButtonsTest -->
      <class name="tests.validateLoginPageTest">
        <test-method is-config="true" signature="setup()[pri:0, instance:tests.validateLoginPageTest@747edf66]" started-at="2025-04-25T19:39:12 BST" name="setup" finished-at="2025-04-25T19:39:22 BST" duration-ms="9738" status="PASS">
          <reporter-output>
          </reporter-output>
        </test-method> <!-- setup -->
        <test-method signature="testLogin()[pri:0, instance:tests.validateLoginPageTest@747edf66]" started-at="2025-04-25T19:39:22 BST" name="testLogin" finished-at="2025-04-25T19:39:37 BST" duration-ms="15859" status="PASS">
          <reporter-output>
          </reporter-output>
        </test-method> <!-- testLogin -->
        <test-method is-config="true" signature="tearDown()[pri:0, instance:tests.validateLoginPageTest@747edf66]" started-at="2025-04-25T19:39:37 BST" name="tearDown" finished-at="2025-04-25T19:39:38 BST" duration-ms="656" status="PASS">
          <reporter-output>
          </reporter-output>
        </test-method> <!-- tearDown -->
      </class> <!-- tests.validateLoginPageTest -->
    </test> <!-- Test -->
  </suite> <!-- Test Suite -->
</testng-results>
